0 info it worked if it ends with ok
1 verbose cli [ 'C:\\Program Files\\nodejs\\node.exe',
1 verbose cli   'C:\\Program Files\\nodejs\\node_modules\\npm\\bin\\npm-cli.js',
1 verbose cli   'run',
1 verbose cli   'dev' ]
2 info using npm@3.10.10
3 info using node@v6.11.0
4 verbose run-script [ 'predev', 'dev', 'postdev' ]
5 info lifecycle webp@1.0.0~predev: webp@1.0.0
6 silly lifecycle webp@1.0.0~predev: no script for predev, continuing
7 info lifecycle webp@1.0.0~dev: webp@1.0.0
8 verbose lifecycle webp@1.0.0~dev: unsafe-perm in lifecycle true
9 verbose lifecycle webp@1.0.0~dev: PATH: C:\Program Files\nodejs\node_modules\npm\bin\node-gyp-bin;C:\Users\folgerfan\Desktop\webp\node_modules\.bin;C:\Users\folgerfan\bin;C:\software\git\Git\mingw64\bin;C:\software\git\Git\usr\local\bin;C:\software\git\Git\usr\bin;C:\software\git\Git\usr\bin;C:\software\git\Git\mingw64\bin;C:\software\git\Git\usr\bin;C:\Users\folgerfan\bin;C:\windows\system32;C:\windows;C:\windows\system32\wbem;C:\windows\system32\windowspowershell\v1.0;C:\software\svn\bin;C:\software\git\Git\cmd;C:\software\mongodb\bin;C:\Program Files\nodejs;C:\Program Files\MySQL\MySQL Server 5.7\bin;C:\Users\folgerfan\AppData\Local\Programs\Python\Python35\Scripts;C:\Users\folgerfan\AppData\Local\Programs\Python\Python35;C:\Users\folgerfan\AppData\Roaming\npm;D:\安装包;C:\software\git\Git\usr\bin\vendor_perl;C:\software\git\Git\usr\bin\core_perl
10 verbose lifecycle webp@1.0.0~dev: CWD: C:\Users\folgerfan\Desktop\webp
11 silly lifecycle webp@1.0.0~dev: Args: [ '/d /s /c',
11 silly lifecycle   'webpack-dev-server --config webpack.dev.js --open --hot' ]
12 silly lifecycle webp@1.0.0~dev: Returned: code: 1  signal: null
13 info lifecycle webp@1.0.0~dev: Failed to exec dev script
14 verbose stack Error: webp@1.0.0 dev: `webpack-dev-server --config webpack.dev.js --open --hot`
14 verbose stack Exit status 1
14 verbose stack     at EventEmitter.<anonymous> (C:\Program Files\nodejs\node_modules\npm\lib\utils\lifecycle.js:255:16)
14 verbose stack     at emitTwo (events.js:106:13)
14 verbose stack     at EventEmitter.emit (events.js:191:7)
14 verbose stack     at ChildProcess.<anonymous> (C:\Program Files\nodejs\node_modules\npm\lib\utils\spawn.js:40:14)
14 verbose stack     at emitTwo (events.js:106:13)
14 verbose stack     at ChildProcess.emit (events.js:191:7)
14 verbose stack     at maybeClose (internal/child_process.js:891:16)
14 verbose stack     at Process.ChildProcess._handle.onexit (internal/child_process.js:226:5)
15 verbose pkgid webp@1.0.0
16 verbose cwd C:\Users\folgerfan\Desktop\webp
17 error Windows_NT 6.1.7601
18 error argv "C:\\Program Files\\nodejs\\node.exe" "C:\\Program Files\\nodejs\\node_modules\\npm\\bin\\npm-cli.js" "run" "dev"
19 error node v6.11.0
20 error npm  v3.10.10
21 error code ELIFECYCLE
22 error webp@1.0.0 dev: `webpack-dev-server --config webpack.dev.js --open --hot`
22 error Exit status 1
23 error Failed at the webp@1.0.0 dev script 'webpack-dev-server --config webpack.dev.js --open --hot'.
23 error Make sure you have the latest version of node.js and npm installed.
23 error If you do, this is most likely a problem with the webp package,
23 error not with npm itself.
23 error Tell the author that this fails on your system:
23 error     webpack-dev-server --config webpack.dev.js --open --hot
23 error You can get information on how to open an issue for this project with:
23 error     npm bugs webp
23 error Or if that isn't available, you can get their info via:
23 error     npm owner ls webp
23 error There is likely additional logging output above.
24 verbose exit [ 1, true ]
